<?xml version="1.0" encoding="UTF-8"?>
<!-- Generated by org.testng.reporters.JUnitXMLReporter -->
<testsuite hostname="DESKTOP-A5J83K1" ignored="0" name="Default test" tests="4" failures="0" timestamp="2021-06-23T23:35:12 IST" time="78.066" errors="0">
  <testcase name="laun" time="15.072" classname="YatraFlight.tests.VerifyFlightTest"/>
  <testcase name="Departfrom" time="5.527" classname="YatraFlight.tests.VerifyFlightTest"/>
  <testcase name="Selectdate" time="2.803" classname="YatraFlight.tests.VerifyFlightTest"/>
  <testcase name="searchbtn" time="38.083" classname="YatraFlight.tests.VerifyFlightTest"/>
</testsuite> <!-- Default test -->
