<?xml version="1.0" encoding="UTF-8"?>
<!-- Generated by org.testng.reporters.JUnitXMLReporter -->
<testsuite hostname="DESKTOP-A5J83K1" ignored="0" name="Default test" tests="4" failures="0" timestamp="2021-06-23T21:55:40 IST" time="117.266" errors="0">
  <testcase name="laun" time="25.011" classname="YatraFlight.tests.VerifyFlightTest"/>
  <testcase name="Departfrom" time="8.415" classname="YatraFlight.tests.VerifyFlightTest"/>
  <testcase name="Selectdate" time="3.076" classname="YatraFlight.tests.VerifyFlightTest"/>
  <testcase name="searchbtn" time="45.985" classname="YatraFlight.tests.VerifyFlightTest"/>
</testsuite> <!-- Default test -->
