<?xml version="1.0" encoding="UTF-8"?>
<testng-results skipped="0" failed="0" ignored="0" total="4" passed="4">
  <reporter-output>
  </reporter-output>
  <suite name="Default suite" duration-ms="78066" started-at="2021-06-23T23:33:54 IST" finished-at="2021-06-23T23:35:12 IST">
    <groups>
    </groups>
    <test name="Default test" duration-ms="78066" started-at="2021-06-23T23:33:54 IST" finished-at="2021-06-23T23:35:12 IST">
      <class name="YatraFlight.tests.VerifyFlightTest">
        <test-method status="PASS" signature="setdriver()[pri:0, instance:YatraFlight.tests.VerifyFlightTest@14e1548]" name="setdriver" is-config="true" duration-ms="15540" started-at="2021-06-23T23:33:54 IST" finished-at="2021-06-23T23:34:10 IST">
          <reporter-output>
          </reporter-output>
        </test-method> <!-- setdriver -->
        <test-method status="PASS" signature="laun()[pri:1, instance:YatraFlight.tests.VerifyFlightTest@14e1548]" name="laun" duration-ms="15072" started-at="2021-06-23T23:34:10 IST" finished-at="2021-06-23T23:34:25 IST">
          <reporter-output>
          </reporter-output>
        </test-method> <!-- laun -->
        <test-method status="PASS" signature="Departfrom()[pri:2, instance:YatraFlight.tests.VerifyFlightTest@14e1548]" name="Departfrom" duration-ms="5527" started-at="2021-06-23T23:34:25 IST" finished-at="2021-06-23T23:34:30 IST">
          <reporter-output>
          </reporter-output>
        </test-method> <!-- Departfrom -->
        <test-method status="PASS" signature="Selectdate()[pri:3, instance:YatraFlight.tests.VerifyFlightTest@14e1548]" name="Selectdate" duration-ms="2803" started-at="2021-06-23T23:34:30 IST" finished-at="2021-06-23T23:34:33 IST">
          <reporter-output>
          </reporter-output>
        </test-method> <!-- Selectdate -->
        <test-method status="PASS" signature="searchbtn()[pri:4, instance:YatraFlight.tests.VerifyFlightTest@14e1548]" name="searchbtn" duration-ms="38083" started-at="2021-06-23T23:34:33 IST" finished-at="2021-06-23T23:35:11 IST">
          <reporter-output>
          </reporter-output>
        </test-method> <!-- searchbtn -->
        <test-method status="PASS" signature="terminate()[pri:0, instance:YatraFlight.tests.VerifyFlightTest@14e1548]" name="terminate" is-config="true" duration-ms="886" started-at="2021-06-23T23:35:11 IST" finished-at="2021-06-23T23:35:12 IST">
          <reporter-output>
          </reporter-output>
        </test-method> <!-- terminate -->
      </class> <!-- YatraFlight.tests.VerifyFlightTest -->
    </test> <!-- Default test -->
  </suite> <!-- Default suite -->
</testng-results>
